<?xml version="1.0" encoding="UTF-8"?>
<beans xmlns="http://www.springframework.org/schema/beans"
       xmlns:xsi="http://www.w3.org/2001/XMLSchema-instance"
       xsi:schemaLocation="http://www.springframework.org/schema/beans http://www.springframework.org/schema/beans/spring-beans.xsd">

    <bean id="endpointDiscoveryService" class="com.moatcrew.restbdd.rest.EndpointDiscoveryService"/>

    <bean id="restService" class="com.moatcrew.restbdd.rest.RestService"/>

    <bean id="csvReader" class="com.moatcrew.restbdd.datasourcing.CsvReader">
        <constructor-arg name="hasHeader" value="true"/>
        <constructor-arg name="quotechar" value="'"/>
        <constructor-arg name="separator" value="|"/>
    </bean>

    <bean id="abstractSteps" class="com.moatcrew.restbdd.jbehave.AbstractSteps">
        <property name="csvReader" ref="csvReader"/>
        <property name="endpointDiscoveryService" ref="endpointDiscoveryService"/>
        <property name="restService" ref="restService"/>
    </bean>

    <bean id="genericSteps" class="com.moatcrew.restbdd.jbehave.GenericSteps" parent="abstractSteps"/>

    <bean id="commentsEndpoint" class="com.moatcrew.restbdd.model.Endpoint">
        <constructor-arg value="https://jsonplaceholder.typicode.com/comments?postId={postId}" />
    </bean>

</beans>